/zhome/b8/a/122402/.lsbatch/1619104302.9563776.shell: line 35: cd: Variational_proteins/: No such file or directory
python3: can't open file 'gridsearch_ray_tune.py': [Errno 2] No such file or directory
2021-04-23 13:39:31,518	INFO services.py:1172 -- View the Ray dashboard at [1m[32mhttp://127.0.0.1:8265[39m[22m
2021-04-23 13:39:40,840	WARNING function_runner.py:540 -- Function checkpointing is disabled. This may result in unexpected behavior when using checkpointing features or certain schedulers. To enable, set the train function arguments to be `func(config, checkpoint_dir=None)`.
[2m[36m(pid=4195)[0m 2021-04-23 13:40:16,252	WARNING __init__.py:20 -- tune.track.log is now deprecated. Use `tune.report` instead. This warning will throw an error in a future version of Ray.
2021-04-23 13:42:33,451	INFO logger.py:688 -- Removed the following hyperparameter values when logging to tensorboard: {'config/layers': (256, 256), 'config/latents': (4, 4)}
[2m[36m(pid=4193)[0m 2021-04-23 13:42:43,619	WARNING __init__.py:20 -- tune.track.log is now deprecated. Use `tune.report` instead. This warning will throw an error in a future version of Ray.
2021-04-23 13:45:01,731	INFO logger.py:688 -- Removed the following hyperparameter values when logging to tensorboard: {'config/layers': (256, 256), 'config/latents': (4, 8)}
[2m[36m(pid=4191)[0m 2021-04-23 13:45:11,391	WARNING __init__.py:20 -- tune.track.log is now deprecated. Use `tune.report` instead. This warning will throw an error in a future version of Ray.
2021-04-23 13:47:28,543	INFO logger.py:688 -- Removed the following hyperparameter values when logging to tensorboard: {'config/layers': (256, 256), 'config/latents': (4, 16)}
[2m[36m(pid=4190)[0m 2021-04-23 13:47:38,151	WARNING __init__.py:20 -- tune.track.log is now deprecated. Use `tune.report` instead. This warning will throw an error in a future version of Ray.
2021-04-23 13:49:55,232	INFO logger.py:688 -- Removed the following hyperparameter values when logging to tensorboard: {'config/layers': (256, 256), 'config/latents': (8, 8)}
[2m[36m(pid=4188)[0m 2021-04-23 13:50:04,785	WARNING __init__.py:20 -- tune.track.log is now deprecated. Use `tune.report` instead. This warning will throw an error in a future version of Ray.
2021-04-23 13:52:20,813	INFO logger.py:688 -- Removed the following hyperparameter values when logging to tensorboard: {'config/layers': (256, 256), 'config/latents': (8, 16)}
[2m[36m(pid=4186)[0m 2021-04-23 13:52:30,321	WARNING __init__.py:20 -- tune.track.log is now deprecated. Use `tune.report` instead. This warning will throw an error in a future version of Ray.
2021-04-23 13:54:44,248	INFO logger.py:688 -- Removed the following hyperparameter values when logging to tensorboard: {'config/layers': (256, 256), 'config/latents': (16, 16)}
[2m[36m(pid=4184)[0m 2021-04-23 13:54:53,700	WARNING __init__.py:20 -- tune.track.log is now deprecated. Use `tune.report` instead. This warning will throw an error in a future version of Ray.
2021-04-23 13:57:07,324	INFO logger.py:688 -- Removed the following hyperparameter values when logging to tensorboard: {'config/layers': (256, 512), 'config/latents': (4, 4)}
[2m[36m(pid=4183)[0m 2021-04-23 13:57:16,682	WARNING __init__.py:20 -- tune.track.log is now deprecated. Use `tune.report` instead. This warning will throw an error in a future version of Ray.
2021-04-23 13:59:29,490	INFO logger.py:688 -- Removed the following hyperparameter values when logging to tensorboard: {'config/layers': (256, 512), 'config/latents': (4, 8)}
[2m[36m(pid=4181)[0m 2021-04-23 13:59:39,138	WARNING __init__.py:20 -- tune.track.log is now deprecated. Use `tune.report` instead. This warning will throw an error in a future version of Ray.
2021-04-23 14:01:52,407	INFO logger.py:688 -- Removed the following hyperparameter values when logging to tensorboard: {'config/layers': (256, 512), 'config/latents': (4, 16)}
[2m[36m(pid=4180)[0m 2021-04-23 14:02:01,729	WARNING __init__.py:20 -- tune.track.log is now deprecated. Use `tune.report` instead. This warning will throw an error in a future version of Ray.
2021-04-23 14:04:13,126	INFO logger.py:688 -- Removed the following hyperparameter values when logging to tensorboard: {'config/layers': (256, 512), 'config/latents': (8, 8)}
[2m[36m(pid=4178)[0m 2021-04-23 14:04:22,310	WARNING __init__.py:20 -- tune.track.log is now deprecated. Use `tune.report` instead. This warning will throw an error in a future version of Ray.
2021-04-23 14:06:33,828	INFO logger.py:688 -- Removed the following hyperparameter values when logging to tensorboard: {'config/layers': (256, 512), 'config/latents': (8, 16)}
[2m[36m(pid=4177)[0m 2021-04-23 14:06:42,907	WARNING __init__.py:20 -- tune.track.log is now deprecated. Use `tune.report` instead. This warning will throw an error in a future version of Ray.
2021-04-23 14:08:52,997	INFO logger.py:688 -- Removed the following hyperparameter values when logging to tensorboard: {'config/layers': (256, 512), 'config/latents': (16, 16)}
[2m[36m(pid=4176)[0m 2021-04-23 14:09:02,009	WARNING __init__.py:20 -- tune.track.log is now deprecated. Use `tune.report` instead. This warning will throw an error in a future version of Ray.
2021-04-23 14:11:12,025	INFO logger.py:688 -- Removed the following hyperparameter values when logging to tensorboard: {'config/layers': (512, 512), 'config/latents': (4, 4)}
[2m[36m(pid=4175)[0m 2021-04-23 14:11:21,073	WARNING __init__.py:20 -- tune.track.log is now deprecated. Use `tune.report` instead. This warning will throw an error in a future version of Ray.
2021-04-23 14:13:30,944	INFO logger.py:688 -- Removed the following hyperparameter values when logging to tensorboard: {'config/layers': (512, 512), 'config/latents': (4, 8)}
[2m[36m(pid=4174)[0m 2021-04-23 14:13:39,812	WARNING __init__.py:20 -- tune.track.log is now deprecated. Use `tune.report` instead. This warning will throw an error in a future version of Ray.
2021-04-23 14:15:47,202	INFO logger.py:688 -- Removed the following hyperparameter values when logging to tensorboard: {'config/layers': (512, 512), 'config/latents': (4, 16)}
[2m[36m(pid=4173)[0m 2021-04-23 14:15:56,148	WARNING __init__.py:20 -- tune.track.log is now deprecated. Use `tune.report` instead. This warning will throw an error in a future version of Ray.
2021-04-23 14:18:03,474	INFO logger.py:688 -- Removed the following hyperparameter values when logging to tensorboard: {'config/layers': (512, 512), 'config/latents': (8, 8)}
[2m[36m(pid=4172)[0m 2021-04-23 14:18:12,345	WARNING __init__.py:20 -- tune.track.log is now deprecated. Use `tune.report` instead. This warning will throw an error in a future version of Ray.
2021-04-23 14:20:21,099	INFO logger.py:688 -- Removed the following hyperparameter values when logging to tensorboard: {'config/layers': (512, 512), 'config/latents': (8, 16)}
[2m[36m(pid=4171)[0m 2021-04-23 14:20:29,863	WARNING __init__.py:20 -- tune.track.log is now deprecated. Use `tune.report` instead. This warning will throw an error in a future version of Ray.
2021-04-23 14:22:36,913	INFO logger.py:688 -- Removed the following hyperparameter values when logging to tensorboard: {'config/layers': (512, 512), 'config/latents': (16, 16)}
[2m[36m(pid=4170)[0m 2021-04-23 14:22:45,778	WARNING __init__.py:20 -- tune.track.log is now deprecated. Use `tune.report` instead. This warning will throw an error in a future version of Ray.
2021-04-23 14:25:34,921	INFO logger.py:688 -- Removed the following hyperparameter values when logging to tensorboard: {'config/layers': (256, 256, 256), 'config/latents': (4, 4, 4)}
[2m[36m(pid=4169)[0m 2021-04-23 14:25:43,758	WARNING __init__.py:20 -- tune.track.log is now deprecated. Use `tune.report` instead. This warning will throw an error in a future version of Ray.
2021-04-23 14:28:31,658	INFO logger.py:688 -- Removed the following hyperparameter values when logging to tensorboard: {'config/layers': (256, 256, 256), 'config/latents': (4, 4, 8)}
[2m[36m(pid=4168)[0m 2021-04-23 14:28:40,474	WARNING __init__.py:20 -- tune.track.log is now deprecated. Use `tune.report` instead. This warning will throw an error in a future version of Ray.
2021-04-23 14:31:29,704	INFO logger.py:688 -- Removed the following hyperparameter values when logging to tensorboard: {'config/layers': (256, 256, 256), 'config/latents': (4, 4, 16)}
[2m[36m(pid=4167)[0m 2021-04-23 14:31:38,501	WARNING __init__.py:20 -- tune.track.log is now deprecated. Use `tune.report` instead. This warning will throw an error in a future version of Ray.
2021-04-23 14:34:26,197	INFO logger.py:688 -- Removed the following hyperparameter values when logging to tensorboard: {'config/layers': (256, 256, 256), 'config/latents': (4, 8, 8)}
[2m[36m(pid=4166)[0m 2021-04-23 14:34:34,878	WARNING __init__.py:20 -- tune.track.log is now deprecated. Use `tune.report` instead. This warning will throw an error in a future version of Ray.
2021-04-23 14:37:20,159	INFO logger.py:688 -- Removed the following hyperparameter values when logging to tensorboard: {'config/layers': (256, 256, 256), 'config/latents': (4, 8, 16)}
[2m[36m(pid=4165)[0m 2021-04-23 14:37:28,753	WARNING __init__.py:20 -- tune.track.log is now deprecated. Use `tune.report` instead. This warning will throw an error in a future version of Ray.
2021-04-23 14:40:12,905	INFO logger.py:688 -- Removed the following hyperparameter values when logging to tensorboard: {'config/layers': (256, 256, 256), 'config/latents': (4, 16, 16)}
[2m[36m(pid=8316)[0m 2021-04-23 14:40:21,961	WARNING __init__.py:20 -- tune.track.log is now deprecated. Use `tune.report` instead. This warning will throw an error in a future version of Ray.
2021-04-23 14:43:05,785	INFO logger.py:688 -- Removed the following hyperparameter values when logging to tensorboard: {'config/layers': (256, 256, 256), 'config/latents': (8, 8, 8)}
[2m[36m(pid=8506)[0m 2021-04-23 14:43:14,936	WARNING __init__.py:20 -- tune.track.log is now deprecated. Use `tune.report` instead. This warning will throw an error in a future version of Ray.
2021-04-23 14:46:00,865	INFO logger.py:688 -- Removed the following hyperparameter values when logging to tensorboard: {'config/layers': (256, 256, 256), 'config/latents': (8, 8, 16)}
[2m[36m(pid=8700)[0m 2021-04-23 14:46:09,940	WARNING __init__.py:20 -- tune.track.log is now deprecated. Use `tune.report` instead. This warning will throw an error in a future version of Ray.
2021-04-23 14:48:54,016	INFO logger.py:688 -- Removed the following hyperparameter values when logging to tensorboard: {'config/layers': (256, 256, 256), 'config/latents': (8, 16, 16)}
[2m[36m(pid=8884)[0m 2021-04-23 14:49:03,157	WARNING __init__.py:20 -- tune.track.log is now deprecated. Use `tune.report` instead. This warning will throw an error in a future version of Ray.
2021-04-23 14:51:47,614	INFO logger.py:688 -- Removed the following hyperparameter values when logging to tensorboard: {'config/layers': (256, 256, 256), 'config/latents': (16, 16, 16)}
[2m[36m(pid=9082)[0m 2021-04-23 14:51:56,783	WARNING __init__.py:20 -- tune.track.log is now deprecated. Use `tune.report` instead. This warning will throw an error in a future version of Ray.
2021-04-23 14:54:41,711	INFO logger.py:688 -- Removed the following hyperparameter values when logging to tensorboard: {'config/layers': (256, 256, 512), 'config/latents': (4, 4, 4)}
[2m[36m(pid=9270)[0m 2021-04-23 14:54:50,836	WARNING __init__.py:20 -- tune.track.log is now deprecated. Use `tune.report` instead. This warning will throw an error in a future version of Ray.
2021-04-23 14:57:35,806	INFO logger.py:688 -- Removed the following hyperparameter values when logging to tensorboard: {'config/layers': (256, 256, 512), 'config/latents': (4, 4, 8)}
[2m[36m(pid=9457)[0m 2021-04-23 14:57:44,962	WARNING __init__.py:20 -- tune.track.log is now deprecated. Use `tune.report` instead. This warning will throw an error in a future version of Ray.
2021-04-23 15:00:29,212	INFO logger.py:688 -- Removed the following hyperparameter values when logging to tensorboard: {'config/layers': (256, 256, 512), 'config/latents': (4, 4, 16)}
[2m[36m(pid=9653)[0m 2021-04-23 15:00:38,409	WARNING __init__.py:20 -- tune.track.log is now deprecated. Use `tune.report` instead. This warning will throw an error in a future version of Ray.
2021-04-23 15:03:23,837	INFO logger.py:688 -- Removed the following hyperparameter values when logging to tensorboard: {'config/layers': (256, 256, 512), 'config/latents': (4, 8, 8)}
[2m[36m(pid=9864)[0m 2021-04-23 15:03:32,947	WARNING __init__.py:20 -- tune.track.log is now deprecated. Use `tune.report` instead. This warning will throw an error in a future version of Ray.
2021-04-23 15:06:17,008	INFO logger.py:688 -- Removed the following hyperparameter values when logging to tensorboard: {'config/layers': (256, 256, 512), 'config/latents': (4, 8, 16)}
[2m[36m(pid=10054)[0m 2021-04-23 15:06:26,156	WARNING __init__.py:20 -- tune.track.log is now deprecated. Use `tune.report` instead. This warning will throw an error in a future version of Ray.
2021-04-23 15:09:12,188	INFO logger.py:688 -- Removed the following hyperparameter values when logging to tensorboard: {'config/layers': (256, 256, 512), 'config/latents': (4, 16, 16)}
[2m[36m(pid=10242)[0m 2021-04-23 15:09:21,375	WARNING __init__.py:20 -- tune.track.log is now deprecated. Use `tune.report` instead. This warning will throw an error in a future version of Ray.
2021-04-23 15:12:07,174	INFO logger.py:688 -- Removed the following hyperparameter values when logging to tensorboard: {'config/layers': (256, 256, 512), 'config/latents': (8, 8, 8)}
[2m[36m(pid=10443)[0m 2021-04-23 15:12:16,387	WARNING __init__.py:20 -- tune.track.log is now deprecated. Use `tune.report` instead. This warning will throw an error in a future version of Ray.
2021-04-23 15:15:02,276	INFO logger.py:688 -- Removed the following hyperparameter values when logging to tensorboard: {'config/layers': (256, 256, 512), 'config/latents': (8, 8, 16)}
[2m[36m(pid=10644)[0m 2021-04-23 15:15:11,465	WARNING __init__.py:20 -- tune.track.log is now deprecated. Use `tune.report` instead. This warning will throw an error in a future version of Ray.
2021-04-23 15:17:57,043	INFO logger.py:688 -- Removed the following hyperparameter values when logging to tensorboard: {'config/layers': (256, 256, 512), 'config/latents': (8, 16, 16)}
[2m[36m(pid=10831)[0m 2021-04-23 15:18:06,213	WARNING __init__.py:20 -- tune.track.log is now deprecated. Use `tune.report` instead. This warning will throw an error in a future version of Ray.
2021-04-23 15:20:52,362	INFO logger.py:688 -- Removed the following hyperparameter values when logging to tensorboard: {'config/layers': (256, 256, 512), 'config/latents': (16, 16, 16)}
[2m[36m(pid=11029)[0m 2021-04-23 15:21:01,516	WARNING __init__.py:20 -- tune.track.log is now deprecated. Use `tune.report` instead. This warning will throw an error in a future version of Ray.
2021-04-23 15:23:46,511	INFO logger.py:688 -- Removed the following hyperparameter values when logging to tensorboard: {'config/layers': (256, 512, 512), 'config/latents': (4, 4, 4)}
[2m[36m(pid=11219)[0m 2021-04-23 15:23:55,665	WARNING __init__.py:20 -- tune.track.log is now deprecated. Use `tune.report` instead. This warning will throw an error in a future version of Ray.
2021-04-23 15:26:40,957	INFO logger.py:688 -- Removed the following hyperparameter values when logging to tensorboard: {'config/layers': (256, 512, 512), 'config/latents': (4, 4, 8)}
[2m[36m(pid=11409)[0m 2021-04-23 15:26:50,109	WARNING __init__.py:20 -- tune.track.log is now deprecated. Use `tune.report` instead. This warning will throw an error in a future version of Ray.
2021-04-23 15:29:35,803	INFO logger.py:688 -- Removed the following hyperparameter values when logging to tensorboard: {'config/layers': (256, 512, 512), 'config/latents': (4, 4, 16)}
[2m[36m(pid=11596)[0m 2021-04-23 15:29:44,988	WARNING __init__.py:20 -- tune.track.log is now deprecated. Use `tune.report` instead. This warning will throw an error in a future version of Ray.
2021-04-23 15:32:31,016	INFO logger.py:688 -- Removed the following hyperparameter values when logging to tensorboard: {'config/layers': (256, 512, 512), 'config/latents': (4, 8, 8)}
[2m[36m(pid=11803)[0m 2021-04-23 15:32:40,229	WARNING __init__.py:20 -- tune.track.log is now deprecated. Use `tune.report` instead. This warning will throw an error in a future version of Ray.
2021-04-23 15:35:26,637	INFO logger.py:688 -- Removed the following hyperparameter values when logging to tensorboard: {'config/layers': (256, 512, 512), 'config/latents': (4, 8, 16)}
[2m[36m(pid=11993)[0m 2021-04-23 15:35:35,882	WARNING __init__.py:20 -- tune.track.log is now deprecated. Use `tune.report` instead. This warning will throw an error in a future version of Ray.
2021-04-23 15:38:22,570	INFO logger.py:688 -- Removed the following hyperparameter values when logging to tensorboard: {'config/layers': (256, 512, 512), 'config/latents': (4, 16, 16)}
[2m[36m(pid=12181)[0m 2021-04-23 15:38:31,681	WARNING __init__.py:20 -- tune.track.log is now deprecated. Use `tune.report` instead. This warning will throw an error in a future version of Ray.
2021-04-23 15:41:17,871	INFO logger.py:688 -- Removed the following hyperparameter values when logging to tensorboard: {'config/layers': (256, 512, 512), 'config/latents': (8, 8, 8)}
[2m[36m(pid=12380)[0m 2021-04-23 15:41:27,151	WARNING __init__.py:20 -- tune.track.log is now deprecated. Use `tune.report` instead. This warning will throw an error in a future version of Ray.
2021-04-23 15:44:11,840	INFO logger.py:688 -- Removed the following hyperparameter values when logging to tensorboard: {'config/layers': (256, 512, 512), 'config/latents': (8, 8, 16)}
[2m[36m(pid=12576)[0m 2021-04-23 15:44:21,050	WARNING __init__.py:20 -- tune.track.log is now deprecated. Use `tune.report` instead. This warning will throw an error in a future version of Ray.
2021-04-23 15:47:05,930	INFO logger.py:688 -- Removed the following hyperparameter values when logging to tensorboard: {'config/layers': (256, 512, 512), 'config/latents': (8, 16, 16)}
[2m[36m(pid=12764)[0m 2021-04-23 15:47:15,215	WARNING __init__.py:20 -- tune.track.log is now deprecated. Use `tune.report` instead. This warning will throw an error in a future version of Ray.
2021-04-23 15:49:59,740	INFO logger.py:688 -- Removed the following hyperparameter values when logging to tensorboard: {'config/layers': (256, 512, 512), 'config/latents': (16, 16, 16)}
[2m[36m(pid=12955)[0m 2021-04-23 15:50:09,007	WARNING __init__.py:20 -- tune.track.log is now deprecated. Use `tune.report` instead. This warning will throw an error in a future version of Ray.
2021-04-23 15:52:53,848	INFO logger.py:688 -- Removed the following hyperparameter values when logging to tensorboard: {'config/layers': (512, 512, 512), 'config/latents': (4, 4, 4)}
[2m[36m(pid=13154)[0m 2021-04-23 15:53:03,118	WARNING __init__.py:20 -- tune.track.log is now deprecated. Use `tune.report` instead. This warning will throw an error in a future version of Ray.
2021-04-23 15:55:48,694	INFO logger.py:688 -- Removed the following hyperparameter values when logging to tensorboard: {'config/layers': (512, 512, 512), 'config/latents': (4, 4, 8)}
[2m[36m(pid=13348)[0m 2021-04-23 15:55:57,976	WARNING __init__.py:20 -- tune.track.log is now deprecated. Use `tune.report` instead. This warning will throw an error in a future version of Ray.
2021-04-23 15:58:44,620	INFO logger.py:688 -- Removed the following hyperparameter values when logging to tensorboard: {'config/layers': (512, 512, 512), 'config/latents': (4, 4, 16)}
[2m[36m(pid=13536)[0m 2021-04-23 15:58:53,839	WARNING __init__.py:20 -- tune.track.log is now deprecated. Use `tune.report` instead. This warning will throw an error in a future version of Ray.
2021-04-23 16:01:37,978	INFO logger.py:688 -- Removed the following hyperparameter values when logging to tensorboard: {'config/layers': (512, 512, 512), 'config/latents': (4, 8, 8)}
[2m[36m(pid=13750)[0m 2021-04-23 16:01:47,235	WARNING __init__.py:20 -- tune.track.log is now deprecated. Use `tune.report` instead. This warning will throw an error in a future version of Ray.
2021-04-23 16:04:33,917	INFO logger.py:688 -- Removed the following hyperparameter values when logging to tensorboard: {'config/layers': (512, 512, 512), 'config/latents': (4, 8, 16)}
[2m[36m(pid=13941)[0m 2021-04-23 16:04:43,331	WARNING __init__.py:20 -- tune.track.log is now deprecated. Use `tune.report` instead. This warning will throw an error in a future version of Ray.
2021-04-23 16:07:31,013	INFO logger.py:688 -- Removed the following hyperparameter values when logging to tensorboard: {'config/layers': (512, 512, 512), 'config/latents': (4, 16, 16)}
[2m[36m(pid=14130)[0m 2021-04-23 16:07:40,284	WARNING __init__.py:20 -- tune.track.log is now deprecated. Use `tune.report` instead. This warning will throw an error in a future version of Ray.
2021-04-23 16:10:27,244	INFO logger.py:688 -- Removed the following hyperparameter values when logging to tensorboard: {'config/layers': (512, 512, 512), 'config/latents': (8, 8, 8)}
[2m[36m(pid=14341)[0m 2021-04-23 16:10:36,631	WARNING __init__.py:20 -- tune.track.log is now deprecated. Use `tune.report` instead. This warning will throw an error in a future version of Ray.
[2m[36m(pid=14341)[0m /zhome/b8/a/122402/VAE-protein/vae_env/lib/python3.8/site-packages/scipy/stats/stats.py:4264: SpearmanRConstantInputWarning: An input array is constant; the correlation coefficent is not defined.
[2m[36m(pid=14341)[0m   warnings.warn(SpearmanRConstantInputWarning())
2021-04-23 16:13:24,103	INFO logger.py:688 -- Removed the following hyperparameter values when logging to tensorboard: {'config/layers': (512, 512, 512), 'config/latents': (8, 8, 16)}
[2m[36m(pid=14539)[0m 2021-04-23 16:13:33,382	WARNING __init__.py:20 -- tune.track.log is now deprecated. Use `tune.report` instead. This warning will throw an error in a future version of Ray.
2021-04-23 16:16:20,785	INFO logger.py:688 -- Removed the following hyperparameter values when logging to tensorboard: {'config/layers': (512, 512, 512), 'config/latents': (8, 16, 16)}
[2m[36m(pid=14735)[0m 2021-04-23 16:16:30,082	WARNING __init__.py:20 -- tune.track.log is now deprecated. Use `tune.report` instead. This warning will throw an error in a future version of Ray.
2021-04-23 16:19:18,215	INFO logger.py:688 -- Removed the following hyperparameter values when logging to tensorboard: {'config/layers': (512, 512, 512), 'config/latents': (16, 16, 16)}
[2m[36m(pid=14923)[0m 2021-04-23 16:19:27,658	WARNING __init__.py:20 -- tune.track.log is now deprecated. Use `tune.report` instead. This warning will throw an error in a future version of Ray.
2021-04-23 16:22:58,569	INFO logger.py:688 -- Removed the following hyperparameter values when logging to tensorboard: {'config/layers': (256, 256, 256, 256), 'config/latents': (4, 4, 4, 4)}
[2m[36m(pid=15168)[0m 2021-04-23 16:23:08,082	WARNING __init__.py:20 -- tune.track.log is now deprecated. Use `tune.report` instead. This warning will throw an error in a future version of Ray.
2021-04-23 16:26:38,637	INFO logger.py:688 -- Removed the following hyperparameter values when logging to tensorboard: {'config/layers': (256, 256, 256, 256), 'config/latents': (4, 4, 4, 8)}
[2m[36m(pid=15402)[0m 2021-04-23 16:26:48,156	WARNING __init__.py:20 -- tune.track.log is now deprecated. Use `tune.report` instead. This warning will throw an error in a future version of Ray.
2021-04-23 16:30:20,640	INFO logger.py:688 -- Removed the following hyperparameter values when logging to tensorboard: {'config/layers': (256, 256, 256, 256), 'config/latents': (4, 4, 4, 16)}
[2m[36m(pid=15642)[0m 2021-04-23 16:30:30,208	WARNING __init__.py:20 -- tune.track.log is now deprecated. Use `tune.report` instead. This warning will throw an error in a future version of Ray.
2021-04-23 16:34:03,403	INFO logger.py:688 -- Removed the following hyperparameter values when logging to tensorboard: {'config/layers': (256, 256, 256, 256), 'config/latents': (4, 4, 8, 8)}
[2m[36m(pid=15879)[0m 2021-04-23 16:34:12,972	WARNING __init__.py:20 -- tune.track.log is now deprecated. Use `tune.report` instead. This warning will throw an error in a future version of Ray.
2021-04-23 16:37:45,329	INFO logger.py:688 -- Removed the following hyperparameter values when logging to tensorboard: {'config/layers': (256, 256, 256, 256), 'config/latents': (4, 4, 8, 16)}
[2m[36m(pid=16118)[0m 2021-04-23 16:37:54,870	WARNING __init__.py:20 -- tune.track.log is now deprecated. Use `tune.report` instead. This warning will throw an error in a future version of Ray.
2021-04-23 16:41:27,814	INFO logger.py:688 -- Removed the following hyperparameter values when logging to tensorboard: {'config/layers': (256, 256, 256, 256), 'config/latents': (4, 4, 16, 16)}
[2m[36m(pid=16363)[0m 2021-04-23 16:41:37,340	WARNING __init__.py:20 -- tune.track.log is now deprecated. Use `tune.report` instead. This warning will throw an error in a future version of Ray.
2021-04-23 16:45:10,490	INFO logger.py:688 -- Removed the following hyperparameter values when logging to tensorboard: {'config/layers': (256, 256, 256, 256), 'config/latents': (4, 8, 8, 8)}
[2m[36m(pid=16600)[0m 2021-04-23 16:45:20,053	WARNING __init__.py:20 -- tune.track.log is now deprecated. Use `tune.report` instead. This warning will throw an error in a future version of Ray.
2021-04-23 16:48:52,172	INFO logger.py:688 -- Removed the following hyperparameter values when logging to tensorboard: {'config/layers': (256, 256, 256, 256), 'config/latents': (4, 8, 8, 16)}
[2m[36m(pid=16830)[0m 2021-04-23 16:49:01,933	WARNING __init__.py:20 -- tune.track.log is now deprecated. Use `tune.report` instead. This warning will throw an error in a future version of Ray.
[2m[36m(pid=16830)[0m /zhome/b8/a/122402/VAE-protein/vae_env/lib/python3.8/site-packages/scipy/stats/stats.py:4264: SpearmanRConstantInputWarning: An input array is constant; the correlation coefficent is not defined.
[2m[36m(pid=16830)[0m   warnings.warn(SpearmanRConstantInputWarning())
2021-04-23 16:52:31,952	INFO logger.py:688 -- Removed the following hyperparameter values when logging to tensorboard: {'config/layers': (256, 256, 256, 256), 'config/latents': (4, 8, 16, 16)}
[2m[36m(pid=17076)[0m 2021-04-23 16:52:41,463	WARNING __init__.py:20 -- tune.track.log is now deprecated. Use `tune.report` instead. This warning will throw an error in a future version of Ray.
2021-04-23 16:56:13,460	INFO logger.py:688 -- Removed the following hyperparameter values when logging to tensorboard: {'config/layers': (256, 256, 256, 256), 'config/latents': (4, 16, 16, 16)}
[2m[36m(pid=17310)[0m 2021-04-23 16:56:23,049	WARNING __init__.py:20 -- tune.track.log is now deprecated. Use `tune.report` instead. This warning will throw an error in a future version of Ray.
2021-04-23 16:59:58,002	INFO logger.py:688 -- Removed the following hyperparameter values when logging to tensorboard: {'config/layers': (256, 256, 256, 256), 'config/latents': (8, 8, 8, 8)}
[2m[36m(pid=17548)[0m 2021-04-23 17:00:07,608	WARNING __init__.py:20 -- tune.track.log is now deprecated. Use `tune.report` instead. This warning will throw an error in a future version of Ray.
2021-04-23 17:03:41,174	INFO logger.py:688 -- Removed the following hyperparameter values when logging to tensorboard: {'config/layers': (256, 256, 256, 256), 'config/latents': (8, 8, 8, 16)}
[2m[36m(pid=17812)[0m 2021-04-23 17:03:50,769	WARNING __init__.py:20 -- tune.track.log is now deprecated. Use `tune.report` instead. This warning will throw an error in a future version of Ray.
2021-04-23 17:07:24,887	INFO logger.py:688 -- Removed the following hyperparameter values when logging to tensorboard: {'config/layers': (256, 256, 256, 256), 'config/latents': (8, 8, 16, 16)}
[2m[36m(pid=18045)[0m 2021-04-23 17:07:34,587	WARNING __init__.py:20 -- tune.track.log is now deprecated. Use `tune.report` instead. This warning will throw an error in a future version of Ray.
2021-04-23 17:11:10,746	INFO logger.py:688 -- Removed the following hyperparameter values when logging to tensorboard: {'config/layers': (256, 256, 256, 256), 'config/latents': (8, 16, 16, 16)}
[2m[36m(pid=18293)[0m 2021-04-23 17:11:20,364	WARNING __init__.py:20 -- tune.track.log is now deprecated. Use `tune.report` instead. This warning will throw an error in a future version of Ray.
2021-04-23 17:14:53,957	INFO logger.py:688 -- Removed the following hyperparameter values when logging to tensorboard: {'config/layers': (256, 256, 256, 256), 'config/latents': (16, 16, 16, 16)}
[2m[36m(pid=18537)[0m 2021-04-23 17:15:03,575	WARNING __init__.py:20 -- tune.track.log is now deprecated. Use `tune.report` instead. This warning will throw an error in a future version of Ray.
2021-04-23 17:18:38,067	INFO logger.py:688 -- Removed the following hyperparameter values when logging to tensorboard: {'config/layers': (256, 256, 256, 512), 'config/latents': (4, 4, 4, 4)}
[2m[36m(pid=18783)[0m 2021-04-23 17:18:47,459	WARNING __init__.py:20 -- tune.track.log is now deprecated. Use `tune.report` instead. This warning will throw an error in a future version of Ray.
2021-04-23 17:22:21,528	INFO logger.py:688 -- Removed the following hyperparameter values when logging to tensorboard: {'config/layers': (256, 256, 256, 512), 'config/latents': (4, 4, 4, 8)}
[2m[36m(pid=19037)[0m 2021-04-23 17:22:31,176	WARNING __init__.py:20 -- tune.track.log is now deprecated. Use `tune.report` instead. This warning will throw an error in a future version of Ray.
2021-04-23 17:26:06,665	INFO logger.py:688 -- Removed the following hyperparameter values when logging to tensorboard: {'config/layers': (256, 256, 256, 512), 'config/latents': (4, 4, 4, 16)}
[2m[36m(pid=19272)[0m 2021-04-23 17:26:16,218	WARNING __init__.py:20 -- tune.track.log is now deprecated. Use `tune.report` instead. This warning will throw an error in a future version of Ray.
2021-04-23 17:29:51,982	INFO logger.py:688 -- Removed the following hyperparameter values when logging to tensorboard: {'config/layers': (256, 256, 256, 512), 'config/latents': (4, 4, 8, 8)}
[2m[36m(pid=19507)[0m 2021-04-23 17:30:01,675	WARNING __init__.py:20 -- tune.track.log is now deprecated. Use `tune.report` instead. This warning will throw an error in a future version of Ray.
2021-04-23 17:33:38,187	INFO logger.py:688 -- Removed the following hyperparameter values when logging to tensorboard: {'config/layers': (256, 256, 256, 512), 'config/latents': (4, 4, 8, 16)}
[2m[36m(pid=19767)[0m 2021-04-23 17:33:47,800	WARNING __init__.py:20 -- tune.track.log is now deprecated. Use `tune.report` instead. This warning will throw an error in a future version of Ray.
2021-04-23 17:37:22,184	INFO logger.py:688 -- Removed the following hyperparameter values when logging to tensorboard: {'config/layers': (256, 256, 256, 512), 'config/latents': (4, 4, 16, 16)}
[2m[36m(pid=20003)[0m 2021-04-23 17:37:31,729	WARNING __init__.py:20 -- tune.track.log is now deprecated. Use `tune.report` instead. This warning will throw an error in a future version of Ray.
2021-04-23 17:41:05,684	INFO logger.py:688 -- Removed the following hyperparameter values when logging to tensorboard: {'config/layers': (256, 256, 256, 512), 'config/latents': (4, 8, 8, 8)}
[2m[36m(pid=20247)[0m 2021-04-23 17:41:15,331	WARNING __init__.py:20 -- tune.track.log is now deprecated. Use `tune.report` instead. This warning will throw an error in a future version of Ray.
2021-04-23 17:44:49,516	INFO logger.py:688 -- Removed the following hyperparameter values when logging to tensorboard: {'config/layers': (256, 256, 256, 512), 'config/latents': (4, 8, 8, 16)}
[2m[36m(pid=20492)[0m 2021-04-23 17:44:59,169	WARNING __init__.py:20 -- tune.track.log is now deprecated. Use `tune.report` instead. This warning will throw an error in a future version of Ray.
2021-04-23 17:48:34,197	INFO logger.py:688 -- Removed the following hyperparameter values when logging to tensorboard: {'config/layers': (256, 256, 256, 512), 'config/latents': (4, 8, 16, 16)}
[2m[36m(pid=20726)[0m 2021-04-23 17:48:43,589	WARNING __init__.py:20 -- tune.track.log is now deprecated. Use `tune.report` instead. This warning will throw an error in a future version of Ray.
2021-04-23 17:52:18,994	INFO logger.py:688 -- Removed the following hyperparameter values when logging to tensorboard: {'config/layers': (256, 256, 256, 512), 'config/latents': (4, 16, 16, 16)}
[2m[36m(pid=20976)[0m 2021-04-23 17:52:28,684	WARNING __init__.py:20 -- tune.track.log is now deprecated. Use `tune.report` instead. This warning will throw an error in a future version of Ray.
2021-04-23 17:56:03,801	INFO logger.py:688 -- Removed the following hyperparameter values when logging to tensorboard: {'config/layers': (256, 256, 256, 512), 'config/latents': (8, 8, 8, 8)}
[2m[36m(pid=21210)[0m 2021-04-23 17:56:13,269	WARNING __init__.py:20 -- tune.track.log is now deprecated. Use `tune.report` instead. This warning will throw an error in a future version of Ray.
2021-04-23 17:59:49,090	INFO logger.py:688 -- Removed the following hyperparameter values when logging to tensorboard: {'config/layers': (256, 256, 256, 512), 'config/latents': (8, 8, 8, 16)}
[2m[36m(pid=21441)[0m 2021-04-23 17:59:58,724	WARNING __init__.py:20 -- tune.track.log is now deprecated. Use `tune.report` instead. This warning will throw an error in a future version of Ray.
2021-04-23 18:03:36,085	INFO logger.py:688 -- Removed the following hyperparameter values when logging to tensorboard: {'config/layers': (256, 256, 256, 512), 'config/latents': (8, 8, 16, 16)}
[2m[36m(pid=21723)[0m 2021-04-23 18:03:45,704	WARNING __init__.py:20 -- tune.track.log is now deprecated. Use `tune.report` instead. This warning will throw an error in a future version of Ray.
2021-04-23 18:07:22,575	INFO logger.py:688 -- Removed the following hyperparameter values when logging to tensorboard: {'config/layers': (256, 256, 256, 512), 'config/latents': (8, 16, 16, 16)}
[2m[36m(pid=21958)[0m 2021-04-23 18:07:32,240	WARNING __init__.py:20 -- tune.track.log is now deprecated. Use `tune.report` instead. This warning will throw an error in a future version of Ray.
2021-04-23 18:11:08,286	INFO logger.py:688 -- Removed the following hyperparameter values when logging to tensorboard: {'config/layers': (256, 256, 256, 512), 'config/latents': (16, 16, 16, 16)}
